#
# A fatal error has been detected by the Java Runtime Environment:
#
#  EXCEPTION_ACCESS_VIOLATION (0xc0000005) at pc=0x77362272, pid=5572, tid=9136
#
# JRE version: Java(TM) SE Runtime Environment (7.0_45-b18) (build 1.7.0_45-b18)
# Java VM: Java HotSpot(TM) Client VM (24.45-b08 mixed mode, sharing windows-x86 )
# Problematic frame:
# C  [ntdll.dll+0x22272]
#
# Failed to write core dump. Minidumps are not enabled by default on client versions of Windows
#
# If you would like to submit a bug report, please visit:
#   http://bugreport.sun.com/bugreport/crash.jsp
# The crash happened outside the Java Virtual Machine in native code.
# See problematic frame for where to report the bug.
#

---------------  T H R E A D  ---------------

Current thread (0x04c01c00):  JavaThread "AWT-EventQueue-0" [_thread_in_native, id=9136, stack(0x05770000,0x057c0000)]

siginfo: ExceptionCode=0xc0000005, writing address 0x00000008

Registers:
EAX=0x00000008, EBX=0x00000000, ECX=0x00000004, EDX=0x00000001
ESP=0x057be5c8, EBP=0x057be5dc, ESI=0x00000008, EDI=0x00000004
EIP=0x77362272, EFLAGS=0x00010202

Top of Stack: (sp=0x057be5c8)
0x057be5c8:   0034cc50 00000000 04c01c00 608b64f2
0x057be5d8:   60994638 057be5ec 69fb6ba5 00000004
0x057be5e8:   0034cc7c 057be604 69fd8036 0034cc7c
0x057be5f8:   0034cc50 0034cc50 00000000 057be63c
0x057be608:   69fba022 0034cc50 d4661d12 057be680
0x057be618:   0034cc50 00000000 04c01c00 057be610
0x057be628:   057be16c 057bee70 6a00b988 b8e65b6e
0x057be638:   fffffffe 057be660 6a008ea9 0034cc50 

Instructions: (pc=0x77362272)
0x77362252:   33 c0 5e 5d c2 04 00 90 90 90 90 90 90 90 8b ff
0x77362262:   55 8b ec 83 ec 0c 56 57 8b 7d 08 8d 77 04 8b c6
0x77362272:   f0 0f ba 30 00 0f 83 5e 01 01 00 64 a1 18 00 00
0x77362282:   00 8b 48 24 89 4f 0c c7 47 08 01 00 00 00 5f 33 


Register to memory mapping:

EAX=0x00000008 is an unknown value
EBX=0x00000000 is an unknown value
ECX=0x00000004 is an unknown value
EDX=0x00000001 is an unknown value
ESP=0x057be5c8 is pointing into the stack for thread: 0x04c01c00
EBP=0x057be5dc is pointing into the stack for thread: 0x04c01c00
ESI=0x00000008 is an unknown value
EDI=0x00000004 is an unknown value


Stack: [0x05770000,0x057c0000],  sp=0x057be5c8,  free space=313k
Native frames: (J=compiled Java code, j=interpreted, Vv=VM code, C=native code)
C  [ntdll.dll+0x22272]
C  [ODBC32.dll+0x26ba5]
C  [ODBC32.dll+0x48036]
C  [ODBC32.dll+0x2a022]
C  [ODBC32.dll+0x78ea9]
C  [JdbcOdbc.dll+0x124e]
j  sun.jdbc.odbc.JdbcOdbc.allocStmt(J[B)J+0
j  sun.jdbc.odbc.JdbcOdbc.SQLAllocStmt(J)J+47
j  sun.jdbc.odbc.JdbcOdbcConnection.prepareStatement(Ljava/lang/String;II)Ljava/sql/PreparedStatement;+55
j  sun.jdbc.odbc.JdbcOdbcConnection.prepareStatement(Ljava/lang/String;)Ljava/sql/PreparedStatement;+8
j  gym.InsToMem.btnAsActionPerformed(Ljava/awt/event/ActionEvent;)V+82
j  gym.InsToMem.access$200(Lgym/InsToMem;Ljava/awt/event/ActionEvent;)V+2
j  gym.InsToMem$3.actionPerformed(Ljava/awt/event/ActionEvent;)V+5
j  javax.swing.AbstractButton.fireActionPerformed(Ljava/awt/event/ActionEvent;)V+84
j  javax.swing.AbstractButton$Handler.actionPerformed(Ljava/awt/event/ActionEvent;)V+5
j  javax.swing.DefaultButtonModel.fireActionPerformed(Ljava/awt/event/ActionEvent;)V+35
j  javax.swing.DefaultButtonModel.setPressed(Z)V+117
j  javax.swing.plaf.basic.BasicButtonListener.mouseReleased(Ljava/awt/event/MouseEvent;)V+35
j  java.awt.Component.processMouseEvent(Ljava/awt/event/MouseEvent;)V+64
j  javax.swing.JComponent.processMouseEvent(Ljava/awt/event/MouseEvent;)V+23
j  java.awt.Component.processEvent(Ljava/awt/AWTEvent;)V+81
j  java.awt.Container.processEvent(Ljava/awt/AWTEvent;)V+18
j  java.awt.Component.dispatchEventImpl(Ljava/awt/AWTEvent;)V+581
J  java.awt.Container.dispatchEventImpl(Ljava/awt/AWTEvent;)V
j  java.awt.LightweightDispatcher.dispatchEvent(Ljava/awt/AWTEvent;)Z+50
J  java.awt.Container.dispatchEventImpl(Ljava/awt/AWTEvent;)V
J  java.awt.EventQueue.dispatchEventImpl(Ljava/awt/AWTEvent;Ljava/lang/Object;)V
V  [jvm.dll+0x13f1fa]
V  [jvm.dll+0x202aee]
V  [jvm.dll+0x13f27d]
V  [jvm.dll+0xfa85a]
C  [java.dll+0x102f]
J  java.security.ProtectionDomain$1.doIntersectionPrivilege(Ljava/security/PrivilegedAction;Ljava/security/AccessControlContext;Ljava/security/AccessControlContext;)Ljava/lang/Object;
j  java.awt.EventQueue$4.run()Ljava/lang/Void;+11
j  java.awt.EventQueue$4.run()Ljava/lang/Object;+1
v  ~StubRoutines::call_stub
V  [jvm.dll+0x13f1fa]
V  [jvm.dll+0x202aee]
V  [jvm.dll+0x13f27d]
V  [jvm.dll+0xfa85a]
C  [java.dll+0x102f]
J  java.awt.EventQueue.dispatchEvent(Ljava/awt/AWTEvent;)V
j  java.awt.EventDispatchThread.pumpEventsForHierarchy(ILjava/awt/Conditional;Ljava/awt/Component;)V+11
j  java.awt.EventDispatchThread.pumpEvents(ILjava/awt/Conditional;)V+4
j  java.awt.EventDispatchThread.pumpEvents(Ljava/awt/Conditional;)V+3
j  java.awt.EventDispatchThread.run()V+9
v  ~StubRoutines::call_stub
V  [jvm.dll+0x13f1fa]
V  [jvm.dll+0x202aee]
V  [jvm.dll+0x13f3c5]
V  [jvm.dll+0x13f427]
V  [jvm.dll+0xeb81f]
V  [jvm.dll+0x16042c]
V  [jvm.dll+0x160e67]
V  [jvm.dll+0x1a49f9]
C  [msvcr100.dll+0x5c556]
C  [msvcr100.dll+0x5c600]
C  [kernel32.dll+0x13677]
C  [ntdll.dll+0x39d72]
C  [ntdll.dll+0x39d45]

Java frames: (J=compiled Java code, j=interpreted, Vv=VM code)
j  sun.jdbc.odbc.JdbcOdbc.allocStmt(J[B)J+0
j  sun.jdbc.odbc.JdbcOdbc.SQLAllocStmt(J)J+47
j  sun.jdbc.odbc.JdbcOdbcConnection.prepareStatement(Ljava/lang/String;II)Ljava/sql/PreparedStatement;+55
j  sun.jdbc.odbc.JdbcOdbcConnection.prepareStatement(Ljava/lang/String;)Ljava/sql/PreparedStatement;+8
j  gym.InsToMem.btnAsActionPerformed(Ljava/awt/event/ActionEvent;)V+82
j  gym.InsToMem.access$200(Lgym/InsToMem;Ljava/awt/event/ActionEvent;)V+2
j  gym.InsToMem$3.actionPerformed(Ljava/awt/event/ActionEvent;)V+5
j  javax.swing.AbstractButton.fireActionPerformed(Ljava/awt/event/ActionEvent;)V+84
j  javax.swing.AbstractButton$Handler.actionPerformed(Ljava/awt/event/ActionEvent;)V+5
j  javax.swing.DefaultButtonModel.fireActionPerformed(Ljava/awt/event/ActionEvent;)V+35
j  javax.swing.DefaultButtonModel.setPressed(Z)V+117
j  javax.swing.plaf.basic.BasicButtonListener.mouseReleased(Ljava/awt/event/MouseEvent;)V+35
j  java.awt.Component.processMouseEvent(Ljava/awt/event/MouseEvent;)V+64
j  javax.swing.JComponent.processMouseEvent(Ljava/awt/event/MouseEvent;)V+23
j  java.awt.Component.processEvent(Ljava/awt/AWTEvent;)V+81
j  java.awt.Container.processEvent(Ljava/awt/AWTEvent;)V+18
j  java.awt.Component.dispatchEventImpl(Ljava/awt/AWTEvent;)V+581
J  java.awt.Container.dispatchEventImpl(Ljava/awt/AWTEvent;)V
J  java.awt.LightweightDispatcher.retargetMouseEvent(Ljava/awt/Component;ILjava/awt/event/MouseEvent;)V
j  java.awt.LightweightDispatcher.processMouseEvent(Ljava/awt/event/MouseEvent;)Z+139
j  java.awt.LightweightDispatcher.dispatchEvent(Ljava/awt/AWTEvent;)Z+50
J  java.awt.Container.dispatchEventImpl(Ljava/awt/AWTEvent;)V
j  java.awt.Window.dispatchEventImpl(Ljava/awt/AWTEvent;)V+19
J  java.awt.EventQueue.dispatchEventImpl(Ljava/awt/AWTEvent;Ljava/lang/Object;)V
J  java.awt.EventQueue$3.run()Ljava/lang/Object;
v  ~StubRoutines::call_stub
J  java.security.AccessController.doPrivileged(Ljava/security/PrivilegedAction;Ljava/security/AccessControlContext;)Ljava/lang/Object;
J  java.security.ProtectionDomain$1.doIntersectionPrivilege(Ljava/security/PrivilegedAction;Ljava/security/AccessControlContext;Ljava/security/AccessControlContext;)Ljava/lang/Object;
j  java.security.ProtectionDomain$1.doIntersectionPrivilege(Ljava/security/PrivilegedAction;Ljava/security/AccessControlContext;)Ljava/lang/Object;+6
j  java.awt.EventQueue$4.run()Ljava/lang/Void;+11
j  java.awt.EventQueue$4.run()Ljava/lang/Object;+1
v  ~StubRoutines::call_stub
J  java.security.AccessController.doPrivileged(Ljava/security/PrivilegedAction;Ljava/security/AccessControlContext;)Ljava/lang/Object;
J  java.awt.EventQueue.dispatchEvent(Ljava/awt/AWTEvent;)V
J  java.awt.EventDispatchThread.pumpOneEventForFilters(I)V
j  java.awt.EventDispatchThread.pumpEventsForFilter(ILjava/awt/Conditional;Ljava/awt/EventFilter;)V+35
j  java.awt.EventDispatchThread.pumpEventsForHierarchy(ILjava/awt/Conditional;Ljava/awt/Component;)V+11
j  java.awt.EventDispatchThread.pumpEvents(ILjava/awt/Conditional;)V+4
j  java.awt.EventDispatchThread.pumpEvents(Ljava/awt/Conditional;)V+3
j  java.awt.EventDispatchThread.run()V+9
v  ~StubRoutines::call_stub

---------------  P R O C E S S  ---------------

Java Threads: ( => current thread )
  0x04c68c00 JavaThread "TimerQueue" daemon [_thread_blocked, id=7004, stack(0x06c00000,0x06c50000)]
  0x0100bc00 JavaThread "DestroyJavaVM" [_thread_blocked, id=8328, stack(0x002c0000,0x00310000)]
=>0x04c01c00 JavaThread "AWT-EventQueue-0" [_thread_in_native, id=9136, stack(0x05770000,0x057c0000)]
  0x04bab800 JavaThread "AWT-Windows" daemon [_thread_in_native, id=1852, stack(0x05050000,0x050a0000)]
  0x04baac00 JavaThread "AWT-Shutdown" [_thread_blocked, id=5596, stack(0x04fb0000,0x05000000)]
  0x04ba8400 JavaThread "Java2D Disposer" daemon [_thread_blocked, id=8996, stack(0x01110000,0x01160000)]
  0x00ecbc00 JavaThread "Service Thread" daemon [_thread_blocked, id=4724, stack(0x04850000,0x048a0000)]
  0x00ec8000 JavaThread "C1 CompilerThread0" daemon [_thread_blocked, id=8988, stack(0x04a30000,0x04a80000)]
  0x00ec7400 JavaThread "Attach Listener" daemon [_thread_blocked, id=7776, stack(0x047d0000,0x04820000)]
  0x00ec4800 JavaThread "Signal Dispatcher" daemon [_thread_blocked, id=6564, stack(0x049a0000,0x049f0000)]
  0x00e4f400 JavaThread "Finalizer" daemon [_thread_blocked, id=8900, stack(0x04780000,0x047d0000)]
  0x00e4dc00 JavaThread "Reference Handler" daemon [_thread_blocked, id=8756, stack(0x011d0000,0x01220000)]

Other Threads:
  0x00e4c000 VMThread [stack: 0x008d0000,0x00920000] [id=8336]
  0x00ed5c00 WatcherThread [stack: 0x04aa0000,0x04af0000] [id=2964]

VM state:not at safepoint (normal execution)

VM Mutex/Monitor currently owned by a thread: None

Heap
 def new generation   total 4928K, used 394K [0x247e0000, 0x24d30000, 0x29d30000)
  eden space 4416K,   6% used [0x247e0000, 0x24829e38, 0x24c30000)
  from space 512K,  19% used [0x24c30000, 0x24c48af8, 0x24cb0000)
  to   space 512K,   0% used [0x24cb0000, 0x24cb0000, 0x24d30000)
 tenured generation   total 10944K, used 2810K [0x29d30000, 0x2a7e0000, 0x347e0000)
   the space 10944K,  25% used [0x29d30000, 0x29fee990, 0x29feea00, 0x2a7e0000)
 compacting perm gen  total 12288K, used 1765K [0x347e0000, 0x353e0000, 0x387e0000)
   the space 12288K,  14% used [0x347e0000, 0x34999620, 0x34999800, 0x353e0000)
    ro space 10240K,  44% used [0x387e0000, 0x38c57808, 0x38c57a00, 0x391e0000)
    rw space 12288K,  52% used [0x391e0000, 0x3982e610, 0x3982e800, 0x39de0000)

Card table byte_map: [0x00f10000,0x00fc0000] byte_map_base: 0x00dec100

Polling page: 0x00150000

Code Cache  [0x026a0000, 0x027a8000, 0x046a0000)
 total_blobs=568 nmethods=336 adapters=169 free_code_cache=31736Kb largest_free_block=32498496

Compilation events (10 events):
Event: 24.366 Thread 0x00ec8000  332             sun.util.locale.LocaleUtils::isUpper (18 bytes)
Event: 24.366 Thread 0x00ec8000 nmethod 332 0x027a0748 code [0x027a0840, 0x027a08e0]
Event: 24.500 Thread 0x00ec8000  333             java.awt.EventDispatchThread$HierarchyEventFilter::acceptEvent (225 bytes)
Event: 24.501 Thread 0x00ec8000 nmethod 333 0x027a0948 code [0x027a0aa0, 0x027a0e84]
Event: 24.573 Thread 0x00ec8000  334             sun.java2d.pipe.Region::isInsideQuickCheck (57 bytes)
Event: 24.573 Thread 0x00ec8000 nmethod 334 0x027a10c8 code [0x027a11c0, 0x027a12a0]
Event: 24.877 Thread 0x00ec8000  335             javax.swing.SwingUtilities::computeIntersection (189 bytes)
Event: 24.877 Thread 0x00ec8000 nmethod 335 0x027a1308 code [0x027a1400, 0x027a1510]
Event: 24.900 Thread 0x00ec8000  336   !         java.awt.Container::dispatchEventImpl (129 bytes)
Event: 24.901 Thread 0x00ec8000 nmethod 336 0x027a1588 code [0x027a16e0, 0x027a1ac8]

GC Heap History (4 events):
Event: 1.930 GC heap before
{Heap before GC invocations=0 (full 0):
 def new generation   total 4928K, used 4416K [0x247e0000, 0x24d30000, 0x29d30000)
  eden space 4416K, 100% used [0x247e0000, 0x24c30000, 0x24c30000)
  from space 512K,   0% used [0x24c30000, 0x24c30000, 0x24cb0000)
  to   space 512K,   0% used [0x24cb0000, 0x24cb0000, 0x24d30000)
 tenured generation   total 10944K, used 0K [0x29d30000, 0x2a7e0000, 0x347e0000)
   the space 10944K,   0% used [0x29d30000, 0x29d30000, 0x29d30200, 0x2a7e0000)
 compacting perm gen  total 12288K, used 1179K [0x347e0000, 0x353e0000, 0x387e0000)
   the space 12288K,   9% used [0x347e0000, 0x34906d18, 0x34906e00, 0x353e0000)
    ro space 10240K,  44% used [0x387e0000, 0x38c57808, 0x38c57a00, 0x391e0000)
    rw space 12288K,  52% used [0x391e0000, 0x3982e610, 0x3982e800, 0x39de0000)
Event: 1.937 GC heap after
Heap after GC invocations=1 (full 0):
 def new generation   total 4928K, used 512K [0x247e0000, 0x24d30000, 0x29d30000)
  eden space 4416K,   0% used [0x247e0000, 0x247e0000, 0x24c30000)
  from space 512K, 100% used [0x24cb0000, 0x24d30000, 0x24d30000)
  to   space 512K,   0% used [0x24c30000, 0x24c30000, 0x24cb0000)
 tenured generation   total 10944K, used 1820K [0x29d30000, 0x2a7e0000, 0x347e0000)
   the space 10944K,  16% used [0x29d30000, 0x29ef72f0, 0x29ef7400, 0x2a7e0000)
 compacting perm gen  total 12288K, used 1179K [0x347e0000, 0x353e0000, 0x387e0000)
   the space 12288K,   9% used [0x347e0000, 0x34906d18, 0x34906e00, 0x353e0000)
    ro space 10240K,  44% used [0x387e0000, 0x38c57808, 0x38c57a00, 0x391e0000)
    rw space 12288K,  52% used [0x391e0000, 0x3982e610, 0x3982e800, 0x39de0000)
}
Event: 20.446 GC heap before
{Heap before GC invocations=1 (full 0):
 def new generation   total 4928K, used 4928K [0x247e0000, 0x24d30000, 0x29d30000)
  eden space 4416K, 100% used [0x247e0000, 0x24c30000, 0x24c30000)
  from space 512K, 100% used [0x24cb0000, 0x24d30000, 0x24d30000)
  to   space 512K,   0% used [0x24c30000, 0x24c30000, 0x24cb0000)
 tenured generation   total 10944K, used 1820K [0x29d30000, 0x2a7e0000, 0x347e0000)
   the space 10944K,  16% used [0x29d30000, 0x29ef72f0, 0x29ef7400, 0x2a7e0000)
 compacting perm gen  total 12288K, used 1760K [0x347e0000, 0x353e0000, 0x387e0000)
   the space 12288K,  14% used [0x347e0000, 0x34998378, 0x34998400, 0x353e0000)
    ro space 10240K,  44% used [0x387e0000, 0x38c57808, 0x38c57a00, 0x391e0000)
    rw space 12288K,  52% used [0x391e0000, 0x3982e610, 0x3982e800, 0x39de0000)
Event: 20.451 GC heap after
Heap after GC invocations=2 (full 0):
 def new generation   total 4928K, used 98K [0x247e0000, 0x24d30000, 0x29d30000)
  eden space 4416K,   0% used [0x247e0000, 0x247e0000, 0x24c30000)
  from space 512K,  19% used [0x24c30000, 0x24c48af8, 0x24cb0000)
  to   space 512K,   0% used [0x24cb0000, 0x24cb0000, 0x24d30000)
 tenured generation   total 10944K, used 2810K [0x29d30000, 0x2a7e0000, 0x347e0000)
   the space 10944K,  25% used [0x29d30000, 0x29fee990, 0x29feea00, 0x2a7e0000)
 compacting perm gen  total 12288K, used 1760K [0x347e0000, 0x353e0000, 0x387e0000)
   the space 12288K,  14% used [0x347e0000, 0x34998378, 0x34998400, 0x353e0000)
    ro space 10240K,  44% used [0x387e0000, 0x38c57808, 0x38c57a00, 0x391e0000)
    rw space 12288K,  52% used [0x391e0000, 0x3982e610, 0x3982e800, 0x39de0000)
}

Deoptimization events (0 events):
No events

Internal exceptions (10 events):
Event: 0.112 Thread 0x0100bc00 Threw 0x248e2d20 at C:\re\jdk7u45\229\hotspot\src\share\vm\prims\jvm.cpp:1244
Event: 0.144 Thread 0x0100bc00 Threw 0x2493bd90 at C:\re\jdk7u45\229\hotspot\src\share\vm\prims\jvm.cpp:1244
Event: 0.144 Thread 0x0100bc00 Threw 0x2493bea8 at C:\re\jdk7u45\229\hotspot\src\share\vm\prims\jvm.cpp:1244
Event: 0.145 Thread 0x0100bc00 Threw 0x2493fea8 at C:\re\jdk7u45\229\hotspot\src\share\vm\prims\jvm.cpp:1244
Event: 0.145 Thread 0x0100bc00 Threw 0x2493ffc0 at C:\re\jdk7u45\229\hotspot\src\share\vm\prims\jvm.cpp:1244
Event: 1.852 Thread 0x04c01c00 Threw 0x24bf3128 at C:\re\jdk7u45\229\hotspot\src\share\vm\prims\jvm.cpp:1244
Event: 1.854 Thread 0x04c01c00 Threw 0x24bfbbc0 at C:\re\jdk7u45\229\hotspot\src\share\vm\prims\jvm.cpp:1244
Event: 1.854 Thread 0x04c01c00 Threw 0x24bfe918 at C:\re\jdk7u45\229\hotspot\src\share\vm\prims\jvm.cpp:1244
Event: 1.855 Thread 0x04c01c00 Threw 0x24c00330 at C:\re\jdk7u45\229\hotspot\src\share\vm\prims\jvm.cpp:1244
Event: 1.855 Thread 0x04c01c00 Threw 0x24c01a20 at C:\re\jdk7u45\229\hotspot\src\share\vm\prims\jvm.cpp:1244

Events (10 events):
Event: 20.454 Executing VM operation: RevokeBias
Event: 20.454 Executing VM operation: RevokeBias done
Event: 20.454 Executing VM operation: RevokeBias
Event: 20.454 Executing VM operation: RevokeBias done
Event: 20.454 Executing VM operation: RevokeBias
Event: 20.454 Executing VM operation: RevokeBias done
Event: 20.454 Executing VM operation: RevokeBias
Event: 20.454 Executing VM operation: RevokeBias done
Event: 24.306 loading class 0x39e1a200
Event: 24.306 loading class 0x39e1a200 done


Dynamic libraries:
0x01270000 - 0x0129f000 	C:\Program Files (x86)\Java\jdk1.7.0_45\bin\java.exe
0x77340000 - 0x774c0000 	C:\Windows\SysWOW64\ntdll.dll
0x76cb0000 - 0x76db0000 	C:\Windows\syswow64\kernel32.dll
0x76c00000 - 0x76c46000 	C:\Windows\syswow64\KERNELBASE.dll
0x76400000 - 0x764a0000 	C:\Windows\syswow64\ADVAPI32.dll
0x74ff0000 - 0x7509c000 	C:\Windows\syswow64\msvcrt.dll
0x760f0000 - 0x76109000 	C:\Windows\SysWOW64\sechost.dll
0x76310000 - 0x76400000 	C:\Windows\syswow64\RPCRT4.dll
0x74eb0000 - 0x74f10000 	C:\Windows\syswow64\SspiCli.dll
0x74ea0000 - 0x74eac000 	C:\Windows\syswow64\CRYPTBASE.dll
0x76110000 - 0x76210000 	C:\Windows\syswow64\USER32.dll
0x766f0000 - 0x76780000 	C:\Windows\syswow64\GDI32.dll
0x76910000 - 0x7691a000 	C:\Windows\syswow64\LPK.dll
0x76270000 - 0x7630d000 	C:\Windows\syswow64\USP10.dll
0x6f800000 - 0x6f99e000 	C:\Windows\WinSxS\x86_microsoft.windows.common-controls_6595b64144ccf1df_6.0.7600.16385_none_421189da2b7fabfc\COMCTL32.dll
0x74f90000 - 0x74fe7000 	C:\Windows\syswow64\SHLWAPI.dll
0x76210000 - 0x76270000 	C:\Windows\system32\IMM32.DLL
0x76de0000 - 0x76eac000 	C:\Windows\syswow64\MSCTF.dll
0x60d20000 - 0x60ddf000 	C:\Program Files (x86)\Java\jdk1.7.0_45\jre\bin\msvcr100.dll
0x606e0000 - 0x60a60000 	C:\Program Files (x86)\Java\jdk1.7.0_45\jre\bin\client\jvm.dll
0x73250000 - 0x73257000 	C:\Windows\system32\WSOCK32.dll
0x76540000 - 0x76575000 	C:\Windows\syswow64\WS2_32.dll
0x76be0000 - 0x76be6000 	C:\Windows\syswow64\NSI.dll
0x6f7c0000 - 0x6f7f2000 	C:\Windows\system32\WINMM.dll
0x77310000 - 0x77315000 	C:\Windows\syswow64\PSAPI.DLL
0x65850000 - 0x6585c000 	C:\Program Files (x86)\Java\jdk1.7.0_45\jre\bin\verify.dll
0x62840000 - 0x62860000 	C:\Program Files (x86)\Java\jdk1.7.0_45\jre\bin\java.dll
0x626a0000 - 0x626b3000 	C:\Program Files (x86)\Java\jdk1.7.0_45\jre\bin\zip.dll
0x60a80000 - 0x60bc3000 	C:\Program Files (x86)\Java\jdk1.7.0_45\jre\bin\awt.dll
0x76060000 - 0x760ef000 	C:\Windows\syswow64\OLEAUT32.dll
0x76780000 - 0x768dc000 	C:\Windows\syswow64\ole32.dll
0x6efd0000 - 0x6efe3000 	C:\Windows\system32\DWMAPI.DLL
0x6eff0000 - 0x6f070000 	C:\Windows\system32\uxtheme.dll
0x75310000 - 0x75f59000 	C:\Windows\syswow64\SHELL32.dll
0x62600000 - 0x62638000 	C:\Program Files (x86)\Java\jdk1.7.0_45\jre\bin\fontmanager.dll
0x62680000 - 0x62694000 	C:\Program Files (x86)\Java\jdk1.7.0_45\jre\bin\net.dll
0x6bdc0000 - 0x6bdfc000 	C:\Windows\system32\mswsock.dll
0x6b1d0000 - 0x6b1d6000 	C:\Windows\System32\wship6.dll
0x65b60000 - 0x65b6f000 	C:\Program Files (x86)\Java\jdk1.7.0_45\jre\bin\nio.dll
0x60cf0000 - 0x60d20000 	C:\Program Files (x86)\Java\jdk1.7.0_45\jre\bin\t2k.dll
0x764b0000 - 0x76533000 	C:\Windows\syswow64\CLBCatQ.DLL
0x6b5e0000 - 0x6b6db000 	C:\Windows\system32\WindowsCodecs.dll
0x70500000 - 0x7054b000 	C:\Windows\system32\apphelp.dll
0x74a70000 - 0x74aa1000 	C:\Windows\system32\EhStorShell.dll
0x76920000 - 0x76abd000 	C:\Windows\syswow64\SETUPAPI.dll
0x76db0000 - 0x76dd7000 	C:\Windows\syswow64\CFGMGR32.dll
0x750a0000 - 0x750b2000 	C:\Windows\syswow64\DEVOBJ.dll
0x6f070000 - 0x6f165000 	C:\Windows\system32\PROPSYS.dll
0x6b0c0000 - 0x6b12f000 	C:\Windows\system32\ntshrui.dll
0x709b0000 - 0x709c9000 	C:\Windows\system32\srvcli.dll
0x6f9a0000 - 0x6f9ab000 	C:\Windows\system32\cscapi.dll
0x6b0b0000 - 0x6b0ba000 	C:\Windows\system32\slc.dll
0x60370000 - 0x6037e000 	C:\Program Files (x86)\Java\jdk1.7.0_45\jre\bin\JdbcOdbc.dll
0x69f90000 - 0x6a01a000 	C:\Windows\system32\ODBC32.dll
0x69d30000 - 0x69d68000 	C:\Windows\system32\odbcint.dll
0x704e0000 - 0x704f7000 	C:\Windows\system32\bcrypt.dll
0x70370000 - 0x703ad000 	C:\Windows\SysWOW64\bcryptprimitives.dll
0x54e50000 - 0x56734000 	C:\Program Files (x86)\Common Files\Microsoft Shared\Office15\mso.dll
0x65a30000 - 0x65a99000 	C:\Windows\system32\MSVCP100.dll
0x6beb0000 - 0x6beb5000 	C:\Windows\system32\MSIMG32.dll
0x70680000 - 0x708c0000 	C:\Windows\system32\msi.dll
0x60320000 - 0x6032a000 	C:\Program Files (x86)\Common Files\Microsoft Shared\OFFICE15\ACEERR.DLL
0x5b630000 - 0x5b7d9000 	C:\Program Files (x86)\Common Files\Microsoft Shared\OFFICE15\ACECORE.DLL
0x5eaf0000 - 0x5ebc2000 	C:\Program Files (x86)\Common Files\Microsoft Shared\OFFICE15\1033\ACEWSTR.DLL
0x6f170000 - 0x6f300000 	C:\Windows\WinSxS\x86_microsoft.windows.gdiplus_6595b64144ccf1df_1.1.7600.16385_none_72fc7cbf861225ca\gdiplus.dll
0x70a50000 - 0x70a58000 	C:\Windows\system32\Secur32.dll
0x5b4d0000 - 0x5b56b000 	C:\Program Files (x86)\Common Files\Microsoft Shared\OFFICE15\ACEES.DLL
0x72fc0000 - 0x72fc9000 	C:\Windows\system32\VERSION.dll
0x60330000 - 0x60336000 	C:\Program Files (x86)\Common Files\Microsoft Shared\OFFICE15\VBAJET32.DLL
0x5f510000 - 0x5f564000 	C:\Program Files (x86)\Common Files\Microsoft Shared\OFFICE15\expsrv.dll
0x72fb0000 - 0x72fbb000 	C:\Windows\system32\profapi.dll
0x70560000 - 0x7064b000 	C:\Windows\system32\dbghelp.dll

VM Arguments:
jvm_args: -Dfile.encoding=UTF-8 
java_command: gym.Gym
Launcher Type: SUN_STANDARD

Environment Variables:
PATH=C:\Program Files (x86)\Skype\Phone\;C:\Program Files (x86)\Java\jdk1.7.0_45\bin
USERNAME=ManoJ
OS=Windows_NT
PROCESSOR_IDENTIFIER=Intel64 Family 6 Model 69 Stepping 1, GenuineIntel



---------------  S Y S T E M  ---------------

OS: Windows 7 , 64 bit Build 7600 

CPU:total 4 (2 cores per cpu, 2 threads per core) family 6 model 69 stepping 1, cmov, cx8, fxsr, mmx, sse, sse2, sse3, ssse3, sse4.1, sse4.2, popcnt, aes, erms, ht, tsc, tscinvbit

Memory: 4k page, physical 4079984k(1365180k free), swap 8158072k(4615260k free)

vm_info: Java HotSpot(TM) Client VM (24.45-b08) for windows-x86 JRE (1.7.0_45-b18), built on Oct  8 2013 06:02:43 by "java_re" with unknown MS VC++:1600

time: Wed Apr 01 17:21:30 2015
elapsed time: 25 seconds

